ncverilog(64): 15.20-s084: (c) Copyright 1995-2020 Cadence Design Systems, Inc.
TOOL:	ncverilog	15.20-s084: Started on Feb 14, 2022 at 05:50:45 CST
ncverilog
	testfixture.v
	FC.v
	+define+tb1+FSDB
	+access+r
	+nc64bit
file: testfixture.v
`define tb1
           |
ncvlog: *W,MACNDF (testfixture.v,3|11): The text macro 'tb1' has also been defined on the command line using the -DEFINE command line option.  The compiler will ignore the definition found in the Verilog source code.
	module worklib.t13rf128x8:v
		errors: 0, warnings: 0
	module worklib.flash:v
		errors: 0, warnings: 0
	module worklib.BUFFER:v
		errors: 0, warnings: 0
	module worklib.test:v
		errors: 0, warnings: 0
file: FC.v
          CHECK:begin//指令
                       |
ncvlog: *W,NONPRT (FC.v,328|23): non-printable character (0xe6) ignored.
          CHECK:begin//指令
                        |
ncvlog: *W,NONPRT (FC.v,328|24): non-printable character (0x8c) ignored.
          CHECK:begin//指令
                         |
ncvlog: *W,NONPRT (FC.v,328|25): non-printable character (0x87) ignored.
          CHECK:begin//指令
                          |
ncvlog: *W,NONPRT (FC.v,328|26): non-printable character (0xe4) ignored.
          CHECK:begin//指令
                           |
ncvlog: *W,NONPRT (FC.v,328|27): non-printable character (0xbb) ignored.
          CHECK:begin//指令
                            |
ncvlog: *W,NONPRT (FC.v,328|28): non-printable character (0xa4) ignored.
          S2:begin//位址
                    |
ncvlog: *W,NONPRT (FC.v,337|20): non-printable character (0xe4) ignored.
          S2:begin//位址
                     |
ncvlog: *W,NONPRT (FC.v,337|21): non-printable character (0xbd) ignored.
          S2:begin//位址
                      |
ncvlog: *W,NONPRT (FC.v,337|22): non-printable character (0x8d) ignored.
          S2:begin//位址
                       |
ncvlog: *W,NONPRT (FC.v,337|23): non-printable character (0xe5) ignored.
          S2:begin//位址
                        |
ncvlog: *W,NONPRT (FC.v,337|24): non-printable character (0x9d) ignored.
          S2:begin//位址
                         |
ncvlog: *W,NONPRT (FC.v,337|25): non-printable character (0x80) ignored.
            else begin//輸入
                        |
ncvlog: *W,NONPRT (FC.v,374|24): non-printable character (0xe8) ignored.
            else begin//輸入
                         |
ncvlog: *W,NONPRT (FC.v,374|25): non-printable character (0xbc) ignored.
            else begin//輸入
                          |
ncvlog: *W,NONPRT (FC.v,374|26): non-printable character (0xb8) ignored.
            else begin//輸入
                           |
ncvlog: *W,NONPRT (FC.v,374|27): non-printable character (0xe5) ignored.
            else begin//輸入
                            |
ncvlog: *W,NONPRT (FC.v,374|28): non-printable character (0x85) ignored.
            else begin//輸入
                             |
ncvlog: *W,NONPRT (FC.v,374|29): non-printable character (0xa5) ignored.
          CHECK:begin//指令
                       |
ncvlog: *W,NONPRT (FC.v,460|23): non-printable character (0xe6) ignored.
          CHECK:begin//指令
                        |
ncvlog: *W,NONPRT (FC.v,460|24): non-printable character (0x8c) ignored.
          CHECK:begin//指令
                         |
ncvlog: *W,NONPRT (FC.v,460|25): non-printable character (0x87) ignored.
          CHECK:begin//指令
                          |
ncvlog: *W,NONPRT (FC.v,460|26): non-printable character (0xe4) ignored.
          CHECK:begin//指令
                           |
ncvlog: *W,NONPRT (FC.v,460|27): non-printable character (0xbb) ignored.
          CHECK:begin//指令
                            |
ncvlog: *W,NONPRT (FC.v,460|28): non-printable character (0xa4) ignored.
          S2:begin//位址
                    |
ncvlog: *W,NONPRT (FC.v,463|20): non-printable character (0xe4) ignored.
          S2:begin//位址
                     |
ncvlog: *W,NONPRT (FC.v,463|21): non-printable character (0xbd) ignored.
          S2:begin//位址
                      |
ncvlog: *W,NONPRT (FC.v,463|22): non-printable character (0x8d) ignored.
          S2:begin//位址
                       |
ncvlog: *W,NONPRT (FC.v,463|23): non-printable character (0xe5) ignored.
          S2:begin//位址
                        |
ncvlog: *W,NONPRT (FC.v,463|24): non-printable character (0x9d) ignored.
          S2:begin//位址
                         |
ncvlog: *W,NONPRT (FC.v,463|25): non-printable character (0x80) ignored.
	module worklib.FC:v
		errors: 0, warnings: 30
	Total errors/warnings found outside modules and primitives:
		errors: 0, warnings: 1
		Caching library 'worklib' ....... Done
	Elaborating the design hierarchy:
	Building instance overlay tables: .................... Done
	Generating native compiled code:
		worklib.FC:v <0x68e472fe>
			streams:  45, words: 21977
		worklib.flash:v <0x5c26a666>
			streams: 118, words: 89024
		worklib.t13rf128x8:v <0x691dd22f>
			streams:  16, words:  9856
		worklib.test:v <0x1e14a279>
			streams:   6, words: 14787
	Building instance specific data structures.
	Loading native compiled code:     .................... Done
	Design hierarchy summary:
		                 Instances  Unique
		Modules:                 9       5
		Primitives:             53       2
		Timing outputs:         17      10
		Registers:             191     191
		Scalar wires:           69       -
		Expanded wires:         39       5
		Vectored wires:          7       -
		Named events:            2       2
		Always blocks:          61      61
		Initial blocks:         38      38
		Cont. assignments:      10      20
		Pseudo assignments:      2       2
		Timing checks:         121      35
		Simulation timescale:  1ps
	Writing initial simulation snapshot: worklib.test:v
Loading snapshot worklib.test:v .................... Done
*Verdi* Loading libsscore_ius152.so
ncsim> source /usr/cad/cadence/INCISIV/cur/tools/inca/files/ncsimrc
ncsim> run
FSDB Dumper for IUS, Release Verdi_O-2018.09, Linux x86_64/64bit, 08/30/2018
(C) 1996 - 2018 by Synopsys, Inc.
*Verdi* : Create FSDB file 'fc.fsdb'
*Verdi* : Begin traversing the scopes, layer (0).
*Verdi* : End of traversing.
Command # 1: Write, A_flash = 00e01H, A_memory = 09H, Length = 101.
ERROR : flash[00e01] = ff (expect = 67) 
ERROR : flash[00e02] = ff (expect = 44) 
ERROR : flash[00e03] = ff (expect = 2c) 
ERROR : flash[00e04] = ff (expect = 78) 
ERROR : flash[00e05] = ff (expect = 70) 
ERROR : flash[00e06] = ff (expect = 46) 
ERROR : flash[00e07] = ff (expect = 4f) 
ERROR : flash[00e08] = ff (expect = 4b) 
ERROR : flash[00e09] = ff (expect = 1a) 
ERROR : flash[00e0a] = ff (expect = 26) 
ERROR : flash[00e0b] = ff (expect = 3c) 
ERROR : flash[00e0c] = ff (expect = 1d) 
ERROR : flash[00e0d] = ff (expect = 6c) 
ERROR : flash[00e0e] = ff (expect = 18) 
ERROR : flash[00e0f] = ff (expect = 1c) 
ERROR : flash[00e10] = ff (expect = 15) 
ERROR : flash[00e11] = ff (expect = 1d) 
ERROR : flash[00e12] = ff (expect = 37) 
ERROR : flash[00e13] = ff (expect = 27) 
ERROR : flash[00e14] = ff (expect = 76) 
ERROR : flash[00e15] = ff (expect = 37) 
ERROR : flash[00e16] = ff (expect = 17) 
ERROR : flash[00e17] = ff (expect = 73) 
ERROR : flash[00e18] = ff (expect = 7d) 
ERROR : flash[00e19] = ff (expect = 38) 
ERROR : flash[00e1a] = ff (expect = 0e) 
ERROR : flash[00e1b] = ff (expect = 21) 
ERROR : flash[00e1c] = ff (expect = 34) 
ERROR : flash[00e1d] = ff (expect = 4c) 
ERROR : flash[00e1e] = ff (expect = 21) 
ERROR : flash[00e1f] = ff (expect = 4d) 
ERROR : flash[00e20] = ff (expect = 5b) 
ERROR : flash[00e21] = ff (expect = 1c) 
ERROR : flash[00e22] = ff (expect = 0f) 
ERROR : flash[00e23] = ff (expect = 25) 
ERROR : flash[00e24] = ff (expect = 28) 
ERROR : flash[00e25] = ff (expect = 36) 
ERROR : flash[00e26] = ff (expect = 41) 
ERROR : flash[00e27] = ff (expect = 0a) 
ERROR : flash[00e28] = ff (expect = 21) 
ERROR : flash[00e29] = ff (expect = 66) 
ERROR : flash[00e2a] = ff (expect = 03) 
ERROR : flash[00e2b] = ff (expect = 76) 
ERROR : flash[00e2c] = ff (expect = 5d) 
ERROR : flash[00e2d] = ff (expect = 3e) 
ERROR : flash[00e2e] = ff (expect = 4a) 
ERROR : flash[00e2f] = ff (expect = 1e) 
ERROR : flash[00e30] = ff (expect = 3a) 
ERROR : flash[00e31] = ff (expect = 7b) 
ERROR : flash[00e32] = ff (expect = 45) 
ERROR : flash[00e33] = ff (expect = 42) 
ERROR : flash[00e34] = ff (expect = 1d) 
ERROR : flash[00e35] = ff (expect = 3e) 
ERROR : flash[00e36] = ff (expect = 4f) 
ERROR : flash[00e37] = ff (expect = 56) 
ERROR : flash[00e38] = ff (expect = 32) 
ERROR : flash[00e39] = ff (expect = 2f) 
ERROR : flash[00e3a] = ff (expect = 7e) 
ERROR : flash[00e3b] = ff (expect = 04) 
ERROR : flash[00e3c] = ff (expect = 71) 
ERROR : flash[00e3d] = ff (expect = 74) 
ERROR : flash[00e3e] = ff (expect = 65) 
ERROR : flash[00e3f] = ff (expect = 0c) 
ERROR : flash[00e40] = ff (expect = 21) 
ERROR : flash[00e41] = ff (expect = 2a) 
ERROR : flash[00e42] = ff (expect = 57) 
ERROR : flash[00e43] = ff (expect = 11) 
ERROR : flash[00e44] = ff (expect = 5c) 
ERROR : flash[00e45] = ff (expect = 0d) 
ERROR : flash[00e46] = ff (expect = 53) 
ERROR : flash[00e47] = ff (expect = 3f) 
ERROR : flash[00e48] = ff (expect = 63) 
ERROR : flash[00e49] = ff (expect = 5b) 
ERROR : flash[00e4a] = ff (expect = 73) 
ERROR : flash[00e4b] = ff (expect = 72) 
ERROR : flash[00e4c] = ff (expect = 2a) 
ERROR : flash[00e4d] = ff (expect = 59) 
ERROR : flash[00e4e] = ff (expect = 19) 
ERROR : flash[00e4f] = ff (expect = 03) 
ERROR : flash[00e50] = ff (expect = 5f) 
ERROR : flash[00e51] = ff (expect = 40) 
ERROR : flash[00e52] = ff (expect = 3d) 
ERROR : flash[00e53] = ff (expect = 73) 
ERROR : flash[00e54] = ff (expect = 4e) 
ERROR : flash[00e55] = ff (expect = 4f) 
ERROR : flash[00e56] = ff (expect = 6e) 
ERROR : flash[00e57] = ff (expect = 67) 
ERROR : flash[00e58] = ff (expect = 49) 
ERROR : flash[00e59] = ff (expect = 17) 
ERROR : flash[00e5a] = ff (expect = 1e) 
ERROR : flash[00e5b] = ff (expect = 71) 
ERROR : flash[00e5c] = ff (expect = 03) 
ERROR : flash[00e5d] = ff (expect = 3e) 
ERROR : flash[00e5e] = ff (expect = 15) 
ERROR : flash[00e5f] = ff (expect = 7d) 
ERROR : flash[00e60] = ff (expect = 5b) 
ERROR : flash[00e61] = ff (expect = 40) 
ERROR : flash[00e62] = ff (expect = 3c) 
ERROR : flash[00e63] = ff (expect = 07) 
ERROR : flash[00e64] = ff (expect = 57) 
ERROR : flash[00e65] = ff (expect = 05) 
------------------------------------------
There are         101 errors!
-------------------FAIL-------------------
Simulation complete via $finish(1) at time 2002 NS + 0
./testfixture.v:155       #2 $finish;
ncsim> exit
TOOL:	ncverilog	15.20-s084: Exiting on Feb 14, 2022 at 05:50:45 CST  (total: 00:00:00)
